AH00558: apache2: Could not reliably determine the server's fully qualified domain name, using 172.20.0.3. Set the 'ServerName' directive globally to suppress this message
[Sat Aug 03 11:02:04.993346 2019] [mpm_prefork:notice] [pid 1] AH00163: Apache/2.4.25 (Debian) PHP/7.2.20 configured -- resuming normal operations
[Sat Aug 03 11:02:04.993414 2019] [core:notice] [pid 1] AH00094: Command line: 'apache2 -D FOREGROUND'
[Sat Aug 03 15:53:28.745308 2019] [mpm_prefork:notice] [pid 1] AH00169: caught SIGTERM, shutting down
AH00558: apache2: Could not reliably determine the server's fully qualified domain name, using 172.21.0.3. Set the 'ServerName' directive globally to suppress this message
[Mon Sep 09 11:01:34.251486 2019] [mpm_prefork:notice] [pid 1] AH00163: Apache/2.4.38 (Debian) PHP/7.1.31 configured -- resuming normal operations
[Mon Sep 09 11:01:34.251560 2019] [core:notice] [pid 1] AH00094: Command line: 'apache2 -D FOREGROUND'
[Mon Sep 09 11:31:31.377662 2019] [mpm_prefork:notice] [pid 1] AH00169: caught SIGTERM, shutting down
AH00558: apache2: Could not reliably determine the server's fully qualified domain name, using 172.21.0.3. Set the 'ServerName' directive globally to suppress this message
[Mon Sep 09 17:45:39.212247 2019] [mpm_prefork:notice] [pid 1] AH00163: Apache/2.4.38 (Debian) PHP/7.1.31 configured -- resuming normal operations
[Mon Sep 09 17:45:39.212319 2019] [core:notice] [pid 1] AH00094: Command line: 'apache2 -D FOREGROUND'
[Mon Sep 09 17:47:56.408826 2019] [mpm_prefork:notice] [pid 1] AH00169: caught SIGTERM, shutting down
AH00558: apache2: Could not reliably determine the server's fully qualified domain name, using 172.21.0.3. Set the 'ServerName' directive globally to suppress this message
[Mon Sep 09 17:53:31.749523 2019] [mpm_prefork:notice] [pid 1] AH00163: Apache/2.4.38 (Debian) PHP/7.1.31 configured -- resuming normal operations
[Mon Sep 09 17:53:31.749735 2019] [core:notice] [pid 1] AH00094: Command line: 'apache2 -D FOREGROUND'
[Mon Sep 09 18:04:33.185550 2019] [mpm_prefork:notice] [pid 1] AH00169: caught SIGTERM, shutting down
AH00558: apache2: Could not reliably determine the server's fully qualified domain name, using 172.21.0.3. Set the 'ServerName' directive globally to suppress this message
[Mon Sep 09 18:11:22.686266 2019] [mpm_prefork:notice] [pid 1] AH00163: Apache/2.4.38 (Debian) PHP/7.1.31 configured -- resuming normal operations
[Mon Sep 09 18:11:22.686357 2019] [core:notice] [pid 1] AH00094: Command line: 'apache2 -D FOREGROUND'
[Mon Sep 09 18:25:03.473428 2019] [core:notice] [pid 1] AH00052: child pid 31 exit signal Interrupt (2)
[Tue Sep 10 07:06:05.718673 2019] [mpm_prefork:notice] [pid 1] AH00169: caught SIGTERM, shutting down
AH00558: apache2: Could not reliably determine the server's fully qualified domain name, using 172.21.0.3. Set the 'ServerName' directive globally to suppress this message
[Mon Sep 16 07:20:48.063490 2019] [mpm_prefork:notice] [pid 1] AH00163: Apache/2.4.38 (Debian) PHP/7.1.31 configured -- resuming normal operations
[Mon Sep 16 07:20:48.063579 2019] [core:notice] [pid 1] AH00094: Command line: 'apache2 -D FOREGROUND'
[Mon Sep 16 11:40:33.108737 2019] [mpm_prefork:notice] [pid 1] AH00169: caught SIGTERM, shutting down
AH00558: apache2: Could not reliably determine the server's fully qualified domain name, using 172.21.0.3. Set the 'ServerName' directive globally to suppress this message
[Sun Oct 06 15:08:22.851114 2019] [mpm_prefork:notice] [pid 1] AH00163: Apache/2.4.38 (Debian) PHP/7.1.31 configured -- resuming normal operations
[Sun Oct 06 15:08:22.851174 2019] [core:notice] [pid 1] AH00094: Command line: 'apache2 -D FOREGROUND'
[Sun Oct 06 15:12:02.476606 2019] [mpm_prefork:notice] [pid 1] AH00169: caught SIGTERM, shutting down
AH00558: apache2: Could not reliably determine the server's fully qualified domain name, using 172.21.0.3. Set the 'ServerName' directive globally to suppress this message
[Sun Oct 06 15:12:08.500258 2019] [mpm_prefork:notice] [pid 1] AH00163: Apache/2.4.38 (Debian) PHP/7.1.31 configured -- resuming normal operations
[Sun Oct 06 15:12:08.500316 2019] [core:notice] [pid 1] AH00094: Command line: 'apache2 -D FOREGROUND'
[Sun Oct 06 15:12:25.626325 2019] [mpm_prefork:notice] [pid 1] AH00169: caught SIGTERM, shutting down
AH00558: apache2: Could not reliably determine the server's fully qualified domain name, using 172.21.0.3. Set the 'ServerName' directive globally to suppress this message
[Sun Oct 06 15:12:39.548489 2019] [mpm_prefork:notice] [pid 1] AH00163: Apache/2.4.38 (Debian) PHP/7.2.21 configured -- resuming normal operations
[Sun Oct 06 15:12:39.548584 2019] [core:notice] [pid 1] AH00094: Command line: 'apache2 -D FOREGROUND'
[Sun Oct 06 15:12:43.210902 2019] [mpm_prefork:notice] [pid 1] AH00169: caught SIGTERM, shutting down
AH00558: apache2: Could not reliably determine the server's fully qualified domain name, using 172.21.0.3. Set the 'ServerName' directive globally to suppress this message
[Sun Oct 06 15:12:52.359311 2019] [mpm_prefork:notice] [pid 1] AH00163: Apache/2.4.38 (Debian) PHP/7.2.21 configured -- resuming normal operations
[Sun Oct 06 15:12:52.359376 2019] [core:notice] [pid 1] AH00094: Command line: 'apache2 -D FOREGROUND'
[Mon Oct 07 08:59:23.040751 2019] [mpm_prefork:notice] [pid 1] AH00169: caught SIGTERM, shutting down
AH00558: apache2: Could not reliably determine the server's fully qualified domain name, using 172.21.0.3. Set the 'ServerName' directive globally to suppress this message
[Mon Oct 07 18:02:29.168072 2019] [mpm_prefork:notice] [pid 1] AH00163: Apache/2.4.38 (Debian) PHP/7.2.21 configured -- resuming normal operations
[Mon Oct 07 18:02:29.168146 2019] [core:notice] [pid 1] AH00094: Command line: 'apache2 -D FOREGROUND'
[Mon Oct 07 18:05:08.017368 2019] [mpm_prefork:notice] [pid 1] AH00169: caught SIGTERM, shutting down
AH00558: apache2: Could not reliably determine the server's fully qualified domain name, using 172.21.0.3. Set the 'ServerName' directive globally to suppress this message
[Mon Oct 07 20:36:01.830873 2019] [mpm_prefork:notice] [pid 1] AH00163: Apache/2.4.38 (Debian) PHP/7.2.21 configured -- resuming normal operations
[Mon Oct 07 20:36:01.830945 2019] [core:notice] [pid 1] AH00094: Command line: 'apache2 -D FOREGROUND'
[Mon Oct 07 21:00:49.459181 2019] [mpm_prefork:notice] [pid 1] AH00169: caught SIGTERM, shutting down
AH00558: apache2: Could not reliably determine the server's fully qualified domain name, using 172.21.0.3. Set the 'ServerName' directive globally to suppress this message
[Thu Oct 10 19:54:18.984329 2019] [mpm_prefork:notice] [pid 1] AH00163: Apache/2.4.38 (Debian) PHP/7.2.21 configured -- resuming normal operations
[Thu Oct 10 19:54:18.984397 2019] [core:notice] [pid 1] AH00094: Command line: 'apache2 -D FOREGROUND'
[Thu Oct 10 20:01:52.258034 2019] [mpm_prefork:notice] [pid 1] AH00169: caught SIGTERM, shutting down
AH00558: apache2: Could not reliably determine the server's fully qualified domain name, using 172.21.0.3. Set the 'ServerName' directive globally to suppress this message
[Wed Oct 16 20:24:38.270749 2019] [mpm_prefork:notice] [pid 1] AH00163: Apache/2.4.38 (Debian) PHP/7.2.21 configured -- resuming normal operations
[Wed Oct 16 20:24:38.271186 2019] [core:notice] [pid 1] AH00094: Command line: 'apache2 -D FOREGROUND'
[Wed Oct 16 21:32:34.137905 2019] [mpm_prefork:notice] [pid 1] AH00169: caught SIGTERM, shutting down
AH00558: apache2: Could not reliably determine the server's fully qualified domain name, using 172.21.0.3. Set the 'ServerName' directive globally to suppress this message
[Wed Oct 16 21:35:48.647880 2019] [mpm_prefork:notice] [pid 1] AH00163: Apache/2.4.38 (Debian) PHP/7.2.21 configured -- resuming normal operations
[Wed Oct 16 21:35:48.647968 2019] [core:notice] [pid 1] AH00094: Command line: 'apache2 -D FOREGROUND'
[Thu Oct 17 07:20:18.550026 2019] [mpm_prefork:notice] [pid 1] AH00169: caught SIGTERM, shutting down
AH00558: apache2: Could not reliably determine the server's fully qualified domain name, using 172.21.0.3. Set the 'ServerName' directive globally to suppress this message
[Sun Oct 20 06:55:19.678911 2019] [mpm_prefork:notice] [pid 1] AH00163: Apache/2.4.38 (Debian) PHP/7.2.21 configured -- resuming normal operations
[Sun Oct 20 06:55:19.678991 2019] [core:notice] [pid 1] AH00094: Command line: 'apache2 -D FOREGROUND'
[Sun Oct 20 07:18:18.704088 2019] [mpm_prefork:notice] [pid 1] AH00169: caught SIGTERM, shutting down
AH00558: apache2: Could not reliably determine the server's fully qualified domain name, using 172.19.0.3. Set the 'ServerName' directive globally to suppress this message
[Wed Oct 23 16:07:28.877521 2019] [mpm_prefork:notice] [pid 1] AH00163: Apache/2.4.38 (Debian) PHP/7.2.23 configured -- resuming normal operations
[Wed Oct 23 16:07:28.880372 2019] [core:notice] [pid 1] AH00094: Command line: 'apache2 -D FOREGROUND'
[Wed Oct 23 19:28:47.214358 2019] [mpm_prefork:notice] [pid 1] AH00170: caught SIGWINCH, shutting down gracefully
AH00558: apache2: Could not reliably determine the server's fully qualified domain name, using 172.19.0.3. Set the 'ServerName' directive globally to suppress this message
[Wed Oct 23 19:28:59.551204 2019] [mpm_prefork:notice] [pid 1] AH00163: Apache/2.4.38 (Debian) PHP/7.2.23 configured -- resuming normal operations
[Wed Oct 23 19:28:59.561336 2019] [core:notice] [pid 1] AH00094: Command line: 'apache2 -D FOREGROUND'
[Thu Oct 24 07:04:43.319619 2019] [mpm_prefork:notice] [pid 1] AH00170: caught SIGWINCH, shutting down gracefully
AH00558: apache2: Could not reliably determine the server's fully qualified domain name, using 172.19.0.3. Set the 'ServerName' directive globally to suppress this message
[Sat Oct 26 12:51:46.720274 2019] [mpm_prefork:notice] [pid 1] AH00163: Apache/2.4.38 (Debian) PHP/7.2.23 configured -- resuming normal operations
[Sat Oct 26 12:51:46.726365 2019] [core:notice] [pid 1] AH00094: Command line: 'apache2 -D FOREGROUND'
[Sat Oct 26 12:57:22.889549 2019] [mpm_prefork:notice] [pid 1] AH00170: caught SIGWINCH, shutting down gracefully
AH00558: apache2: Could not reliably determine the server's fully qualified domain name, using 172.19.0.3. Set the 'ServerName' directive globally to suppress this message
[Sat Oct 26 12:57:32.678516 2019] [mpm_prefork:notice] [pid 1] AH00163: Apache/2.4.38 (Debian) PHP/7.2.23 configured -- resuming normal operations
[Sat Oct 26 12:57:32.678999 2019] [core:notice] [pid 1] AH00094: Command line: 'apache2 -D FOREGROUND'
[Sat Oct 26 13:56:22.858399 2019] [mpm_prefork:notice] [pid 1] AH00170: caught SIGWINCH, shutting down gracefully
AH00558: apache2: Could not reliably determine the server's fully qualified domain name, using 172.19.0.3. Set the 'ServerName' directive globally to suppress this message
[Sun Oct 27 07:03:03.135996 2019] [mpm_prefork:notice] [pid 1] AH00163: Apache/2.4.38 (Debian) PHP/7.2.23 configured -- resuming normal operations
[Sun Oct 27 07:03:03.150049 2019] [core:notice] [pid 1] AH00094: Command line: 'apache2 -D FOREGROUND'
[Sun Oct 27 07:21:12.779933 2019] [mpm_prefork:notice] [pid 1] AH00170: caught SIGWINCH, shutting down gracefully
